#
# There is insufficient memory for the Java Runtime Environment to continue.
# Native memory allocation (malloc) failed to allocate 1177984 bytes for Chunk::new
# Possible reasons:
#   The system is out of physical RAM or swap space
#   The process is running with CompressedOops enabled, and the Java Heap may be blocking the growth of the native heap
# Possible solutions:
#   Reduce memory load on the system
#   Increase physical memory or swap space
#   Check if swap backing store is full
#   Decrease Java heap size (-Xmx/-Xms)
#   Decrease number of Java threads
#   Decrease Java thread stack sizes (-Xss)
#   Set larger code cache with -XX:ReservedCodeCacheSize=
#   JVM is running with Unscaled Compressed Oops mode in which the Java heap is
#     placed in the first 4GB address space. The Java Heap base address is the
#     maximum limit for the native heap growth. Please use -XX:HeapBaseMinAddress
#     to set the Java Heap base and to place the Java Heap above 4GB virtual address.
# This output file may be truncated or incomplete.
#
#  Out of Memory Error (arena.cpp:189), pid=2044, tid=5640
#
# JRE version: OpenJDK Runtime Environment (17.0.7) (build 17.0.7+0-b2043.56-10550314)
# Java VM: OpenJDK 64-Bit Server VM (17.0.7+0-b2043.56-10550314, mixed mode, tiered, compressed oops, compressed class ptrs, g1 gc, windows-amd64)
# No core dump will be written. Minidumps are not enabled by default on client versions of Windows
#

---------------  S U M M A R Y ------------

Command Line: --add-opens=java.base/java.util=ALL-UNNAMED --add-opens=java.base/java.lang=ALL-UNNAMED --add-opens=java.base/java.lang.invoke=ALL-UNNAMED --add-opens=java.prefs/java.util.prefs=ALL-UNNAMED --add-opens=java.base/java.nio.charset=ALL-UNNAMED --add-opens=java.base/java.net=ALL-UNNAMED --add-opens=java.base/java.util.concurrent.atomic=ALL-UNNAMED -Xmx2048m -Dfile.encoding=UTF-8 -Duser.country=MY -Duser.language=en -Duser.variant -javaagent:C:\Users\HONOR\.gradle\wrapper\dists\gradle-8.2-bin\bbg7u40eoinfdyxsxr3z4i7ta\gradle-8.2\lib\agents\gradle-instrumentation-agent-8.2.jar org.gradle.launcher.daemon.bootstrap.GradleDaemon 8.2

Host: AMD Ryzen 5 5500U with Radeon Graphics         , 12 cores, 7G,  Windows 11 , 64 bit Build 22621 (10.0.22621.2506)
Time: Tue Jan  9 23:04:19 2024 Malay Peninsula Standard Time elapsed time: 4.863203 seconds (0d 0h 0m 4s)

---------------  T H R E A D  ---------------

Current thread (0x00000273fc046cb0):  JavaThread "C2 CompilerThread0" daemon [_thread_in_native, id=5640, stack(0x000000bc01a00000,0x000000bc01b00000)]


Current CompileTask:
C2:   4863 3983  s!   4       jdk.internal.loader.URLClassPath::getLoader (194 bytes)

Stack: [0x000000bc01a00000,0x000000bc01b00000]
Native frames: (J=compiled Java code, j=interpreted, Vv=VM code, C=native code)
V  [jvm.dll+0x683bfa]
V  [jvm.dll+0x8430a4]
V  [jvm.dll+0x8449be]
V  [jvm.dll+0x845023]
V  [jvm.dll+0x24ad2f]
V  [jvm.dll+0xac25c]
V  [jvm.dll+0xac82c]
V  [jvm.dll+0x36a187]
V  [jvm.dll+0x1be138]
V  [jvm.dll+0x21d3a9]
V  [jvm.dll+0x21c671]
V  [jvm.dll+0x1a605d]
V  [jvm.dll+0x22c148]
V  [jvm.dll+0x22a209]
V  [jvm.dll+0x7f858c]
V  [jvm.dll+0x7f2aea]
V  [jvm.dll+0x682a35]
C  [ucrtbase.dll+0x29363]
C  [KERNEL32.DLL+0x1257d]
C  [ntdll.dll+0x5aa58]


---------------  P R O C E S S  ---------------

Threads class SMR info:
_java_thread_list=0x00000273939b3b20, length=42, elements={
0x00000273f0c28150, 0x00000273fbeee030, 0x00000273fbeb7290, 0x00000273fbed77d0,
0x00000273fbed92a0, 0x00000273fbeda150, 0x00000273fc046010, 0x00000273fc046cb0,
0x00000273fc047d60, 0x00000273fc04b390, 0x00000273fc1316a0, 0x00000273fc32a820,
0x00000273fe3137e0, 0x00000273fe1cf090, 0x00000273fe095f00, 0x00000273fe1cb6a0,
0x00000273fe07ed50, 0x00000273fe2b3f60, 0x00000273fe2b4c40, 0x00000273fe29ca40,
0x00000273fe299ef0, 0x00000273fe29b230, 0x00000273fe299080, 0x00000273fe29b700,
0x00000273fe299550, 0x00000273fe299a20, 0x00000273fe29a3c0, 0x00000273fe29ad60,
0x00000273fe29bbd0, 0x00000273fe29c0a0, 0x00000273fea1c3b0, 0x00000273fea223f0,
0x00000273fea1dbc0, 0x00000273fea1d220, 0x00000273fea1e090, 0x00000273fea20710,
0x00000273fea1fd70, 0x00000273fea21a50, 0x00000273fea1ef00, 0x00000273fea1d6f0,
0x00000273fea20240, 0x00000273fea228c0
}

Java Threads: ( => current thread )
  0x00000273f0c28150 JavaThread "main" [_thread_blocked, id=14148, stack(0x000000bc00d00000,0x000000bc00e00000)]
  0x00000273fbeee030 JavaThread "Reference Handler" daemon [_thread_blocked, id=16696, stack(0x000000bc01400000,0x000000bc01500000)]
  0x00000273fbeb7290 JavaThread "Finalizer" daemon [_thread_blocked, id=12812, stack(0x000000bc01500000,0x000000bc01600000)]
  0x00000273fbed77d0 JavaThread "Signal Dispatcher" daemon [_thread_blocked, id=4776, stack(0x000000bc01600000,0x000000bc01700000)]
  0x00000273fbed92a0 JavaThread "Attach Listener" daemon [_thread_blocked, id=6028, stack(0x000000bc01700000,0x000000bc01800000)]
  0x00000273fbeda150 JavaThread "Service Thread" daemon [_thread_blocked, id=10740, stack(0x000000bc01800000,0x000000bc01900000)]
  0x00000273fc046010 JavaThread "Monitor Deflation Thread" daemon [_thread_blocked, id=880, stack(0x000000bc01900000,0x000000bc01a00000)]
=>0x00000273fc046cb0 JavaThread "C2 CompilerThread0" daemon [_thread_in_native, id=5640, stack(0x000000bc01a00000,0x000000bc01b00000)]
  0x00000273fc047d60 JavaThread "C1 CompilerThread0" daemon [_thread_blocked, id=19288, stack(0x000000bc01b00000,0x000000bc01c00000)]
  0x00000273fc04b390 JavaThread "Sweeper thread" daemon [_thread_blocked, id=8868, stack(0x000000bc01c00000,0x000000bc01d00000)]
  0x00000273fc1316a0 JavaThread "Common-Cleaner" daemon [_thread_blocked, id=14160, stack(0x000000bc01d00000,0x000000bc01e00000)]
  0x00000273fc32a820 JavaThread "Notification Thread" daemon [_thread_blocked, id=3860, stack(0x000000bc01e00000,0x000000bc01f00000)]
  0x00000273fe3137e0 JavaThread "Daemon health stats" [_thread_blocked, id=5348, stack(0x000000bc02400000,0x000000bc02500000)]
  0x00000273fe1cf090 JavaThread "Incoming local TCP Connector on port 63715" [_thread_in_native, id=13056, stack(0x000000bc02500000,0x000000bc02600000)]
  0x00000273fe095f00 JavaThread "Daemon periodic checks" [_thread_blocked, id=11616, stack(0x000000bc02600000,0x000000bc02700000)]
  0x00000273fe1cb6a0 JavaThread "Daemon" [_thread_blocked, id=13272, stack(0x000000bc02700000,0x000000bc02800000)]
  0x00000273fe07ed50 JavaThread "Handler for socket connection from /127.0.0.1:63715 to /127.0.0.1:63716" [_thread_in_native, id=4064, stack(0x000000bc02800000,0x000000bc02900000)]
  0x00000273fe2b3f60 JavaThread "Cancel handler" [_thread_blocked, id=12788, stack(0x000000bc02900000,0x000000bc02a00000)]
  0x00000273fe2b4c40 JavaThread "Daemon worker" [_thread_in_Java, id=2900, stack(0x000000bc02a00000,0x000000bc02b00000)]
  0x00000273fe29ca40 JavaThread "Asynchronous log dispatcher for DefaultDaemonConnection: socket connection from /127.0.0.1:63715 to /127.0.0.1:63716" [_thread_blocked, id=13168, stack(0x000000bc02b00000,0x000000bc02c00000)]
  0x00000273fe299ef0 JavaThread "Stdin handler" [_thread_blocked, id=2772, stack(0x000000bc02c00000,0x000000bc02d00000)]
  0x00000273fe29b230 JavaThread "Daemon client event forwarder" [_thread_blocked, id=5532, stack(0x000000bc02d00000,0x000000bc02e00000)]
  0x00000273fe299080 JavaThread "Cache worker for journal cache (C:\Users\HONOR\.gradle\caches\journal-1)" [_thread_blocked, id=15676, stack(0x000000bc03500000,0x000000bc03600000)]
  0x00000273fe29b700 JavaThread "File lock request listener" [_thread_in_native, id=2068, stack(0x000000bc03600000,0x000000bc03700000)]
  0x00000273fe299550 JavaThread "Cache worker for file hash cache (C:\Users\HONOR\.gradle\caches\8.2\fileHashes)" [_thread_blocked, id=2788, stack(0x000000bc03700000,0x000000bc03800000)]
  0x00000273fe299a20 JavaThread "File watcher server" daemon [_thread_in_native, id=14536, stack(0x000000bc03800000,0x000000bc03900000)]
  0x00000273fe29a3c0 JavaThread "File watcher consumer" daemon [_thread_blocked, id=15968, stack(0x000000bc03900000,0x000000bc03a00000)]
  0x00000273fe29ad60 JavaThread "Cache worker for checksums cache (C:\Users\HONOR\OneDrive - umt.edu.my\Desktop\Native Projects\.gradle\8.2\checksums)" [_thread_blocked, id=4760, stack(0x000000bc03a00000,0x000000bc03b00000)]
  0x00000273fe29bbd0 JavaThread "Cache worker for cache directory md-rule (C:\Users\HONOR\.gradle\caches\8.2\md-rule)" [_thread_blocked, id=8956, stack(0x000000bc03b00000,0x000000bc03c00000)]
  0x00000273fe29c0a0 JavaThread "Cache worker for file content cache (C:\Users\HONOR\.gradle\caches\8.2\fileContent)" [_thread_blocked, id=5028, stack(0x000000bc03c00000,0x000000bc03d00000)]
  0x00000273fea1c3b0 JavaThread "Cache worker for file hash cache (C:\Users\HONOR\OneDrive - umt.edu.my\Desktop\Native Projects\.gradle\8.2\fileHashes)" [_thread_blocked, id=15976, stack(0x000000bc03d00000,0x000000bc03e00000)]
  0x00000273fea223f0 JavaThread "Cache worker for cache directory md-supplier (C:\Users\HONOR\.gradle\caches\8.2\md-supplier)" [_thread_blocked, id=14888, stack(0x000000bc03e00000,0x000000bc03f00000)]
  0x00000273fea1dbc0 JavaThread "Cache worker for execution history cache (C:\Users\HONOR\.gradle\caches\8.2\executionHistory)" [_thread_blocked, id=20100, stack(0x000000bc03f00000,0x000000bc04000000)]
  0x00000273fea1d220 JavaThread "jar transforms" [_thread_blocked, id=15068, stack(0x000000bc04100000,0x000000bc04200000)]
  0x00000273fea1e090 JavaThread "jar transforms Thread 2" [_thread_blocked, id=13448, stack(0x000000bc04200000,0x000000bc04300000)]
  0x00000273fea20710 JavaThread "Cache worker for kotlin-dsl (C:\Users\HONOR\.gradle\caches\8.2\kotlin-dsl)" [_thread_blocked, id=17576, stack(0x000000bc04300000,0x000000bc04400000)]
  0x00000273fea1fd70 JavaThread "jar transforms Thread 3" [_thread_blocked, id=19148, stack(0x000000bc04400000,0x000000bc04500000)]
  0x00000273fea21a50 JavaThread "jar transforms Thread 4" [_thread_blocked, id=5728, stack(0x000000bc04500000,0x000000bc04600000)]
  0x00000273fea1ef00 JavaThread "jar transforms Thread 5" [_thread_blocked, id=2796, stack(0x000000bc04600000,0x000000bc04700000)]
  0x00000273fea1d6f0 JavaThread "jar transforms Thread 6" [_thread_blocked, id=16864, stack(0x000000bc04700000,0x000000bc04800000)]
  0x00000273fea20240 JavaThread "Cache worker for dependencies-accessors (C:\Users\HONOR\OneDrive - umt.edu.my\Desktop\Native Projects\.gradle\8.2\dependencies-accessors)" [_thread_blocked, id=5232, stack(0x000000bc04800000,0x000000bc04900000)]
  0x00000273fea228c0 JavaThread "Cache worker for Build Output Cleanup Cache (C:\Users\HONOR\OneDrive - umt.edu.my\Desktop\Native Projects\.gradle\buildOutputCleanup)" [_thread_blocked, id=11796, stack(0x000000bc04900000,0x000000bc04a00000)]

Other Threads:
  0x00000273fbe6c4e0 VMThread "VM Thread" [stack: 0x000000bc01300000,0x000000bc01400000] [id=14976]
  0x00000273f0caa330 WatcherThread [stack: 0x000000bc01f00000,0x000000bc02000000] [id=9540]
  0x00000273f0c832b0 GCTaskThread "GC Thread#0" [stack: 0x000000bc00e00000,0x000000bc00f00000] [id=11956]
  0x00000273fce54260 GCTaskThread "GC Thread#1" [stack: 0x000000bc02000000,0x000000bc02100000] [id=1052]
  0x00000273fd505320 GCTaskThread "GC Thread#2" [stack: 0x000000bc02100000,0x000000bc02200000] [id=12976]
  0x00000273fcd1eba0 GCTaskThread "GC Thread#3" [stack: 0x000000bc02200000,0x000000bc02300000] [id=17552]
  0x00000273fd25c550 GCTaskThread "GC Thread#4" [stack: 0x000000bc02300000,0x000000bc02400000] [id=12692]
  0x00000273fe2fb7e0 GCTaskThread "GC Thread#5" [stack: 0x000000bc02e00000,0x000000bc02f00000] [id=1664]
  0x00000273fe4ff9a0 GCTaskThread "GC Thread#6" [stack: 0x000000bc02f00000,0x000000bc03000000] [id=17532]
  0x00000273fd148a70 GCTaskThread "GC Thread#7" [stack: 0x000000bc03000000,0x000000bc03100000] [id=11484]
  0x00000273fe646540 GCTaskThread "GC Thread#8" [stack: 0x000000bc03100000,0x000000bc03200000] [id=15892]
  0x00000273fe2b14b0 GCTaskThread "GC Thread#9" [stack: 0x000000bc03200000,0x000000bc03300000] [id=5648]
  0x00000273f0c941f0 ConcurrentGCThread "G1 Main Marker" [stack: 0x000000bc00f00000,0x000000bc01000000] [id=6916]
  0x00000273f0c963b0 ConcurrentGCThread "G1 Conc#0" [stack: 0x000000bc01000000,0x000000bc01100000] [id=19748]
  0x00000273fe4c77a0 ConcurrentGCThread "G1 Conc#1" [stack: 0x000000bc03300000,0x000000bc03400000] [id=17672]
  0x00000273fe10f850 ConcurrentGCThread "G1 Conc#2" [stack: 0x000000bc03400000,0x000000bc03500000] [id=17136]
  0x00000273fbd164d0 ConcurrentGCThread "G1 Refine#0" [stack: 0x000000bc01100000,0x000000bc01200000] [id=19580]
  0x00000273fe9c71a0 ConcurrentGCThread "G1 Refine#1" [stack: 0x000000bc04000000,0x000000bc04100000] [id=2504]
  0x00000273fbd16d00 ConcurrentGCThread "G1 Service" [stack: 0x000000bc01200000,0x000000bc01300000] [id=17676]

Threads with active compile tasks:
C2 CompilerThread0     4879 3983  s!   4       jdk.internal.loader.URLClassPath::getLoader (194 bytes)

VM state: not at safepoint (normal execution)

VM Mutex/Monitor currently owned by a thread: None

Heap address: 0x0000000080000000, size: 2048 MB, Compressed Oops mode: 32-bit

CDS archive(s) not mapped
Compressed class space mapped at: 0x0000000100000000-0x0000000140000000, reserved size: 1073741824
Narrow klass base: 0x0000000000000000, Narrow klass shift: 3, Narrow klass range: 0x140000000

GC Precious Log:
 CPUs: 12 total, 12 available
 Memory: 7514M
 Large Page Support: Disabled
 NUMA Support: Disabled
 Compressed Oops: Enabled (32-bit)
 Heap Region Size: 1M
 Heap Min Capacity: 8M
 Heap Initial Capacity: 118M
 Heap Max Capacity: 2G
 Pre-touch: Disabled
 Parallel Workers: 10
 Concurrent Workers: 3
 Concurrent Refinement Workers: 10
 Periodic GC: Disabled

Heap:
 garbage-first heap   total 82944K, used 61205K [0x0000000080000000, 0x0000000100000000)
  region size 1024K, 34 young (34816K), 5 survivors (5120K)
 Metaspace       used 50946K, committed 51456K, reserved 1114112K
  class space    used 6873K, committed 7104K, reserved 1048576K

Heap Regions: E=young(eden), S=young(survivor), O=old, HS=humongous(starts), HC=humongous(continues), CS=collection set, F=free, OA=open archive, CA=closed archive, TAMS=top-at-mark-start (previous, next)
|   0|0x0000000080000000, 0x0000000080100000, 0x0000000080100000|100%|HS|  |TAMS 0x0000000080100000, 0x0000000080000000| Complete 
|   1|0x0000000080100000, 0x0000000080200000, 0x0000000080200000|100%|HC|  |TAMS 0x0000000080200000, 0x0000000080100000| Complete 
|   2|0x0000000080200000, 0x0000000080300000, 0x0000000080300000|100%|HC|  |TAMS 0x0000000080300000, 0x0000000080200000| Complete 
|   3|0x0000000080300000, 0x0000000080400000, 0x0000000080400000|100%|HC|  |TAMS 0x0000000080400000, 0x0000000080300000| Complete 
|   4|0x0000000080400000, 0x0000000080500000, 0x0000000080500000|100%| O|  |TAMS 0x0000000080500000, 0x0000000080400000| Untracked 
|   5|0x0000000080500000, 0x0000000080600000, 0x0000000080600000|100%| O|  |TAMS 0x0000000080600000, 0x0000000080500000| Untracked 
|   6|0x0000000080600000, 0x0000000080700000, 0x0000000080700000|100%| O|  |TAMS 0x0000000080700000, 0x0000000080600000| Untracked 
|   7|0x0000000080700000, 0x0000000080800000, 0x0000000080800000|100%| O|  |TAMS 0x0000000080800000, 0x0000000080700000| Untracked 
|   8|0x0000000080800000, 0x0000000080900000, 0x0000000080900000|100%| O|  |TAMS 0x0000000080900000, 0x0000000080800000| Untracked 
|   9|0x0000000080900000, 0x0000000080a00000, 0x0000000080a00000|100%| O|  |TAMS 0x0000000080a00000, 0x0000000080900000| Untracked 
|  10|0x0000000080a00000, 0x0000000080b00000, 0x0000000080b00000|100%| O|  |TAMS 0x0000000080b00000, 0x0000000080a00000| Untracked 
|  11|0x0000000080b00000, 0x0000000080bb7400, 0x0000000080c00000| 71%| O|  |TAMS 0x0000000080bb7400, 0x0000000080b00000| Untracked 
|  12|0x0000000080c00000, 0x0000000080d00000, 0x0000000080d00000|100%| O|  |TAMS 0x0000000080d00000, 0x0000000080c00000| Untracked 
|  13|0x0000000080d00000, 0x0000000080e00000, 0x0000000080e00000|100%| O|  |TAMS 0x0000000080e00000, 0x0000000080d00000| Untracked 
|  14|0x0000000080e00000, 0x0000000080effff8, 0x0000000080f00000| 99%| O|  |TAMS 0x0000000080effff8, 0x0000000080e00000| Untracked 
|  15|0x0000000080f00000, 0x0000000081000000, 0x0000000081000000|100%| O|  |TAMS 0x0000000081000000, 0x0000000080f00000| Untracked 
|  16|0x0000000081000000, 0x0000000081100000, 0x0000000081100000|100%| O|  |TAMS 0x0000000081100000, 0x0000000081000000| Untracked 
|  17|0x0000000081100000, 0x0000000081200000, 0x0000000081200000|100%| O|  |TAMS 0x0000000081200000, 0x0000000081100000| Untracked 
|  18|0x0000000081200000, 0x0000000081300000, 0x0000000081300000|100%| O|  |TAMS 0x0000000081300000, 0x0000000081200000| Untracked 
|  19|0x0000000081300000, 0x0000000081400000, 0x0000000081400000|100%| O|  |TAMS 0x0000000081400000, 0x0000000081300000| Untracked 
|  20|0x0000000081400000, 0x0000000081500000, 0x0000000081500000|100%| O|  |TAMS 0x000000008149c200, 0x0000000081400000| Untracked 
|  21|0x0000000081500000, 0x0000000081600000, 0x0000000081600000|100%| O|  |TAMS 0x0000000081500000, 0x0000000081500000| Untracked 
|  22|0x0000000081600000, 0x0000000081700000, 0x0000000081700000|100%| O|  |TAMS 0x0000000081600000, 0x0000000081600000| Untracked 
|  23|0x0000000081700000, 0x0000000081800000, 0x0000000081800000|100%| O|  |TAMS 0x0000000081700000, 0x0000000081700000| Untracked 
|  24|0x0000000081800000, 0x0000000081800000, 0x0000000081900000|  0%| F|  |TAMS 0x0000000081800000, 0x0000000081800000| Untracked 
|  25|0x0000000081900000, 0x0000000081900000, 0x0000000081a00000|  0%| F|  |TAMS 0x0000000081900000, 0x0000000081900000| Untracked 
|  26|0x0000000081a00000, 0x0000000081a00000, 0x0000000081b00000|  0%| F|  |TAMS 0x0000000081a00000, 0x0000000081a00000| Untracked 
|  27|0x0000000081b00000, 0x0000000081b00000, 0x0000000081c00000|  0%| F|  |TAMS 0x0000000081b00000, 0x0000000081b00000| Untracked 
|  28|0x0000000081c00000, 0x0000000081c00000, 0x0000000081d00000|  0%| F|  |TAMS 0x0000000081c00000, 0x0000000081c00000| Untracked 
|  29|0x0000000081d00000, 0x0000000081e00000, 0x0000000081e00000|100%| O|  |TAMS 0x0000000081d00000, 0x0000000081d00000| Untracked 
|  30|0x0000000081e00000, 0x0000000081f00000, 0x0000000081f00000|100%| O|  |TAMS 0x0000000081e00000, 0x0000000081e00000| Untracked 
|  31|0x0000000081f00000, 0x0000000082000000, 0x0000000082000000|100%| O|  |TAMS 0x0000000081f00000, 0x0000000081f00000| Untracked 
|  32|0x0000000082000000, 0x0000000082077a00, 0x0000000082100000| 46%| O|  |TAMS 0x0000000082000000, 0x0000000082000000| Untracked 
|  33|0x0000000082100000, 0x0000000082100000, 0x0000000082200000|  0%| F|  |TAMS 0x0000000082100000, 0x0000000082100000| Untracked 
|  34|0x0000000082200000, 0x0000000082200000, 0x0000000082300000|  0%| F|  |TAMS 0x0000000082200000, 0x0000000082200000| Untracked 
|  35|0x0000000082300000, 0x0000000082300000, 0x0000000082400000|  0%| F|  |TAMS 0x0000000082300000, 0x0000000082300000| Untracked 
|  36|0x0000000082400000, 0x0000000082400000, 0x0000000082500000|  0%| F|  |TAMS 0x0000000082400000, 0x0000000082400000| Untracked 
|  37|0x0000000082500000, 0x0000000082500000, 0x0000000082600000|  0%| F|  |TAMS 0x0000000082500000, 0x0000000082500000| Untracked 
|  38|0x0000000082600000, 0x0000000082600000, 0x0000000082700000|  0%| F|  |TAMS 0x0000000082600000, 0x0000000082600000| Untracked 
|  39|0x0000000082700000, 0x0000000082700000, 0x0000000082800000|  0%| F|  |TAMS 0x0000000082700000, 0x0000000082700000| Untracked 
|  40|0x0000000082800000, 0x0000000082800000, 0x0000000082900000|  0%| F|  |TAMS 0x0000000082800000, 0x0000000082800000| Untracked 
|  41|0x0000000082900000, 0x0000000082996958, 0x0000000082a00000| 58%| S|CS|TAMS 0x0000000082900000, 0x0000000082900000| Complete 
|  42|0x0000000082a00000, 0x0000000082b00000, 0x0000000082b00000|100%| S|CS|TAMS 0x0000000082a00000, 0x0000000082a00000| Complete 
|  43|0x0000000082b00000, 0x0000000082c00000, 0x0000000082c00000|100%| S|CS|TAMS 0x0000000082b00000, 0x0000000082b00000| Complete 
|  44|0x0000000082c00000, 0x0000000082c00000, 0x0000000082d00000|  0%| F|  |TAMS 0x0000000082c00000, 0x0000000082c00000| Untracked 
|  45|0x0000000082d00000, 0x0000000082d00000, 0x0000000082e00000|  0%| F|  |TAMS 0x0000000082d00000, 0x0000000082d00000| Untracked 
|  46|0x0000000082e00000, 0x0000000082e00000, 0x0000000082f00000|  0%| F|  |TAMS 0x0000000082e00000, 0x0000000082e00000| Untracked 
|  47|0x0000000082f00000, 0x0000000083000000, 0x0000000083000000|100%| S|CS|TAMS 0x0000000082f00000, 0x0000000082f00000| Complete 
|  48|0x0000000083000000, 0x0000000083100000, 0x0000000083100000|100%| S|CS|TAMS 0x0000000083000000, 0x0000000083000000| Complete 
|  49|0x0000000083100000, 0x0000000083100000, 0x0000000083200000|  0%| F|  |TAMS 0x0000000083100000, 0x0000000083100000| Untracked 
|  50|0x0000000083200000, 0x0000000083200000, 0x0000000083300000|  0%| F|  |TAMS 0x0000000083200000, 0x0000000083200000| Untracked 
|  51|0x0000000083300000, 0x0000000083300000, 0x0000000083400000|  0%| F|  |TAMS 0x0000000083300000, 0x0000000083300000| Untracked 
|  52|0x0000000083400000, 0x000000008341a2d0, 0x0000000083500000| 10%| E|  |TAMS 0x0000000083400000, 0x0000000083400000| Complete 
|  53|0x0000000083500000, 0x0000000083600000, 0x0000000083600000|100%| E|CS|TAMS 0x0000000083500000, 0x0000000083500000| Complete 
|  54|0x0000000083600000, 0x0000000083700000, 0x0000000083700000|100%| E|CS|TAMS 0x0000000083600000, 0x0000000083600000| Complete 
|  55|0x0000000083700000, 0x0000000083800000, 0x0000000083800000|100%| E|CS|TAMS 0x0000000083700000, 0x0000000083700000| Complete 
|  56|0x0000000083800000, 0x0000000083900000, 0x0000000083900000|100%| E|CS|TAMS 0x0000000083800000, 0x0000000083800000| Complete 
|  57|0x0000000083900000, 0x0000000083a00000, 0x0000000083a00000|100%| E|CS|TAMS 0x0000000083900000, 0x0000000083900000| Complete 
|  58|0x0000000083a00000, 0x0000000083b00000, 0x0000000083b00000|100%| E|CS|TAMS 0x0000000083a00000, 0x0000000083a00000| Complete 
|  59|0x0000000083b00000, 0x0000000083c00000, 0x0000000083c00000|100%| E|CS|TAMS 0x0000000083b00000, 0x0000000083b00000| Complete 
|  60|0x0000000083c00000, 0x0000000083d00000, 0x0000000083d00000|100%| E|CS|TAMS 0x0000000083c00000, 0x0000000083c00000| Complete 
|  61|0x0000000083d00000, 0x0000000083e00000, 0x0000000083e00000|100%| E|CS|TAMS 0x0000000083d00000, 0x0000000083d00000| Complete 
|  62|0x0000000083e00000, 0x0000000083f00000, 0x0000000083f00000|100%| E|CS|TAMS 0x0000000083e00000, 0x0000000083e00000| Complete 
|  63|0x0000000083f00000, 0x0000000084000000, 0x0000000084000000|100%| E|CS|TAMS 0x0000000083f00000, 0x0000000083f00000| Complete 
|  64|0x0000000084000000, 0x0000000084100000, 0x0000000084100000|100%| E|CS|TAMS 0x0000000084000000, 0x0000000084000000| Complete 
|  65|0x0000000084100000, 0x0000000084200000, 0x0000000084200000|100%| E|CS|TAMS 0x0000000084100000, 0x0000000084100000| Complete 
|  66|0x0000000084200000, 0x0000000084300000, 0x0000000084300000|100%| E|CS|TAMS 0x0000000084200000, 0x0000000084200000| Complete 
|  67|0x0000000084300000, 0x0000000084400000, 0x0000000084400000|100%| E|CS|TAMS 0x0000000084300000, 0x0000000084300000| Complete 
|  68|0x0000000084400000, 0x0000000084500000, 0x0000000084500000|100%| E|CS|TAMS 0x0000000084400000, 0x0000000084400000| Complete 
|  69|0x0000000084500000, 0x0000000084600000, 0x0000000084600000|100%| E|CS|TAMS 0x0000000084500000, 0x0000000084500000| Complete 
|  70|0x0000000084600000, 0x0000000084700000, 0x0000000084700000|100%| E|CS|TAMS 0x0000000084600000, 0x0000000084600000| Complete 
|  71|0x0000000084700000, 0x0000000084800000, 0x0000000084800000|100%| E|CS|TAMS 0x0000000084700000, 0x0000000084700000| Complete 
|  72|0x0000000084800000, 0x0000000084900000, 0x0000000084900000|100%| E|CS|TAMS 0x0000000084800000, 0x0000000084800000| Complete 
|  73|0x0000000084900000, 0x0000000084a00000, 0x0000000084a00000|100%| E|CS|TAMS 0x0000000084900000, 0x0000000084900000| Complete 
|  74|0x0000000084a00000, 0x0000000084b00000, 0x0000000084b00000|100%| E|CS|TAMS 0x0000000084a00000, 0x0000000084a00000| Complete 
|  75|0x0000000084b00000, 0x0000000084c00000, 0x0000000084c00000|100%| E|CS|TAMS 0x0000000084b00000, 0x0000000084b00000| Complete 
|  76|0x0000000084c00000, 0x0000000084d00000, 0x0000000084d00000|100%| E|CS|TAMS 0x0000000084c00000, 0x0000000084c00000| Complete 
|  77|0x0000000084d00000, 0x0000000084e00000, 0x0000000084e00000|100%| E|CS|TAMS 0x0000000084d00000, 0x0000000084d00000| Complete 
|  78|0x0000000084e00000, 0x0000000084f00000, 0x0000000084f00000|100%| E|CS|TAMS 0x0000000084e00000, 0x0000000084e00000| Complete 
|  79|0x0000000084f00000, 0x0000000085000000, 0x0000000085000000|100%| E|CS|TAMS 0x0000000084f00000, 0x0000000084f00000| Complete 
| 117|0x0000000087500000, 0x0000000087600000, 0x0000000087600000|100%| E|CS|TAMS 0x0000000087500000, 0x0000000087500000| Complete 

Card table byte_map: [0x00000273f4a50000,0x00000273f4e50000] _byte_map_base: 0x00000273f4650000

Marking Bits (Prev, Next): (CMBitMap*) 0x00000273f0c838c0, (CMBitMap*) 0x00000273f0c83900
 Prev Bits: [0x00000273f5250000, 0x00000273f7250000)
 Next Bits: [0x00000273f7250000, 0x00000273f9250000)

Polling page: 0x00000273f03f0000

Metaspace:

Usage:
  Non-class:     43.04 MB used.
      Class:      6.71 MB used.
       Both:     49.75 MB used.

Virtual space:
  Non-class space:       64.00 MB reserved,      43.31 MB ( 68%) committed,  1 nodes.
      Class space:        1.00 GB reserved,       6.94 MB ( <1%) committed,  1 nodes.
             Both:        1.06 GB reserved,      50.25 MB (  5%) committed. 

Chunk freelists:
   Non-Class:  4.48 MB
       Class:  9.04 MB
        Both:  13.53 MB

MaxMetaspaceSize: unlimited
CompressedClassSpaceSize: 1.00 GB
Initial GC threshold: 21.00 MB
Current GC threshold: 58.75 MB
CDS: off
MetaspaceReclaimPolicy: balanced
 - commit_granule_bytes: 65536.
 - commit_granule_words: 8192.
 - virtual_space_node_default_size: 8388608.
 - enlarge_chunks_in_place: 1.
 - new_chunks_are_fully_committed: 0.
 - uncommit_free_chunks: 1.
 - use_allocation_guard: 0.
 - handle_deallocations: 1.


Internal statistics:

num_allocs_failed_limit: 6.
num_arena_births: 562.
num_arena_deaths: 0.
num_vsnodes_births: 2.
num_vsnodes_deaths: 0.
num_space_committed: 804.
num_space_uncommitted: 0.
num_chunks_returned_to_freelist: 6.
num_chunks_taken_from_freelist: 2150.
num_chunk_merges: 6.
num_chunk_splits: 1435.
num_chunks_enlarged: 991.
num_inconsistent_stats: 0.

CodeHeap 'non-profiled nmethods': size=120000Kb used=2006Kb max_used=2006Kb free=117993Kb
 bounds [0x0000027387ad0000, 0x0000027387d40000, 0x000002738f000000]
CodeHeap 'profiled nmethods': size=120000Kb used=8735Kb max_used=8735Kb free=111264Kb
 bounds [0x0000027380000000, 0x0000027380890000, 0x0000027387530000]
CodeHeap 'non-nmethods': size=5760Kb used=2298Kb max_used=2352Kb free=3461Kb
 bounds [0x0000027387530000, 0x00000273877a0000, 0x0000027387ad0000]
 total_blobs=5014 nmethods=4205 adapters=721
 compilation: enabled
              stopped_count=0, restarted_count=0
 full_count=0

Compilation events (20 events):
Event: 4.852 Thread 0x00000273fc047d60 4203       2       java.net.URI::match (56 bytes)
Event: 4.852 Thread 0x00000273fc047d60 nmethod 4203 0x000002738087ea90 code [0x000002738087ec40, 0x000002738087ee38]
Event: 4.852 Thread 0x00000273fc047d60 4204       1       jdk.internal.reflect.ClassFileAssembler::getStack (5 bytes)
Event: 4.852 Thread 0x00000273fc047d60 nmethod 4204 0x0000027387cc4910 code [0x0000027387cc4aa0, 0x0000027387cc4b78]
Event: 4.853 Thread 0x00000273fc047d60 4206       2       org.gradle.internal.logging.slf4j.OutputEventListenerBackedLogger::debug (7 bytes)
Event: 4.853 Thread 0x00000273fc047d60 nmethod 4206 0x000002738087ef10 code [0x000002738087f0a0, 0x000002738087f1c8]
Event: 4.853 Thread 0x00000273fc047d60 4207       2       org.gradle.internal.logging.slf4j.BuildOperationAwareLogger::debug (18 bytes)
Event: 4.853 Thread 0x00000273fc047d60 nmethod 4207 0x000002738087f290 code [0x000002738087f440, 0x000002738087f5d8]
Event: 4.855 Thread 0x00000273fc047d60 4208       2       jdk.internal.reflect.ClassFileAssembler::emitConstantPoolNameAndType (28 bytes)
Event: 4.855 Thread 0x00000273fc047d60 nmethod 4208 0x000002738087f710 code [0x000002738087f900, 0x000002738087fc48]
Event: 4.855 Thread 0x00000273fc047d60 4209       2       jdk.internal.reflect.ClassFileAssembler::incStack (11 bytes)
Event: 4.855 Thread 0x00000273fc047d60 nmethod 4209 0x000002738087ff10 code [0x00000273808800a0, 0x00000273808801b8]
Event: 4.855 Thread 0x00000273fc047d60 4210       2       org.gradle.cache.internal.DefaultCrossBuildInMemoryCacheFactory$AbstractCrossBuildInMemoryCache::getIfPresentWithoutLock (43 bytes)
Event: 4.855 Thread 0x00000273fc047d60 nmethod 4210 0x0000027380880290 code [0x0000027380880460, 0x0000027380880668]
Event: 4.855 Thread 0x00000273fc047d60 4211       1       org.gradle.internal.instantiation.generator.DefaultInstantiationScheme::instantiator (5 bytes)
Event: 4.855 Thread 0x00000273fc047d60 nmethod 4211 0x0000027387cc4c10 code [0x0000027387cc4da0, 0x0000027387cc4e78]
Event: 4.860 Thread 0x00000273fc047d60 4212       2       com.google.common.cache.LocalCache::recordsWrite (20 bytes)
Event: 4.860 Thread 0x00000273fc047d60 nmethod 4212 0x0000027380880790 code [0x0000027380880920, 0x0000027380880a98]
Event: 4.861 Thread 0x00000273fc047d60 4213       2       java.util.concurrent.ConcurrentHashMap$Traverser::<init> (36 bytes)
Event: 4.861 Thread 0x00000273fc047d60 nmethod 4213 0x0000027380880b10 code [0x0000027380880ca0, 0x0000027380880e38]

GC Heap History (20 events):
Event: 0.680 GC heap before
{Heap before GC invocations=0 (full 0):
 garbage-first heap   total 120832K, used 26624K [0x0000000080000000, 0x0000000100000000)
  region size 1024K, 23 young (23552K), 0 survivors (0K)
 Metaspace       used 10483K, committed 10624K, reserved 1114112K
  class space    used 1091K, committed 1152K, reserved 1048576K
}
Event: 0.686 GC heap after
{Heap after GC invocations=1 (full 0):
 garbage-first heap   total 120832K, used 10688K [0x0000000080000000, 0x0000000100000000)
  region size 1024K, 3 young (3072K), 3 survivors (3072K)
 Metaspace       used 10483K, committed 10624K, reserved 1114112K
  class space    used 1091K, committed 1152K, reserved 1048576K
}
Event: 1.067 GC heap before
{Heap before GC invocations=1 (full 0):
 garbage-first heap   total 120832K, used 40384K [0x0000000080000000, 0x0000000100000000)
  region size 1024K, 31 young (31744K), 3 survivors (3072K)
 Metaspace       used 11460K, committed 11648K, reserved 1114112K
  class space    used 1196K, committed 1280K, reserved 1048576K
}
Event: 1.072 GC heap after
{Heap after GC invocations=2 (full 0):
 garbage-first heap   total 120832K, used 13878K [0x0000000080000000, 0x0000000100000000)
  region size 1024K, 3 young (3072K), 3 survivors (3072K)
 Metaspace       used 11460K, committed 11648K, reserved 1114112K
  class space    used 1196K, committed 1280K, reserved 1048576K
}
Event: 1.997 GC heap before
{Heap before GC invocations=2 (full 0):
 garbage-first heap   total 120832K, used 56886K [0x0000000080000000, 0x0000000100000000)
  region size 1024K, 46 young (47104K), 3 survivors (3072K)
 Metaspace       used 21310K, committed 21504K, reserved 1114112K
  class space    used 2573K, committed 2688K, reserved 1048576K
}
Event: 2.002 GC heap after
{Heap after GC invocations=3 (full 0):
 garbage-first heap   total 120832K, used 18961K [0x0000000080000000, 0x0000000100000000)
  region size 1024K, 8 young (8192K), 8 survivors (8192K)
 Metaspace       used 21310K, committed 21504K, reserved 1114112K
  class space    used 2573K, committed 2688K, reserved 1048576K
}
Event: 2.468 GC heap before
{Heap before GC invocations=4 (full 0):
 garbage-first heap   total 68608K, used 51729K [0x0000000080000000, 0x0000000100000000)
  region size 1024K, 40 young (40960K), 8 survivors (8192K)
 Metaspace       used 25973K, committed 26240K, reserved 1114112K
  class space    used 3393K, committed 3520K, reserved 1048576K
}
Event: 2.473 GC heap after
{Heap after GC invocations=5 (full 0):
 garbage-first heap   total 68608K, used 21126K [0x0000000080000000, 0x0000000100000000)
  region size 1024K, 3 young (3072K), 3 survivors (3072K)
 Metaspace       used 25973K, committed 26240K, reserved 1114112K
  class space    used 3393K, committed 3520K, reserved 1048576K
}
Event: 2.821 GC heap before
{Heap before GC invocations=5 (full 0):
 garbage-first heap   total 68608K, used 47750K [0x0000000080000000, 0x0000000100000000)
  region size 1024K, 29 young (29696K), 3 survivors (3072K)
 Metaspace       used 29680K, committed 29952K, reserved 1114112K
  class space    used 3990K, committed 4096K, reserved 1048576K
}
Event: 2.824 GC heap after
{Heap after GC invocations=6 (full 0):
 garbage-first heap   total 68608K, used 22320K [0x0000000080000000, 0x0000000100000000)
  region size 1024K, 4 young (4096K), 4 survivors (4096K)
 Metaspace       used 29680K, committed 29952K, reserved 1114112K
  class space    used 3990K, committed 4096K, reserved 1048576K
}
Event: 3.181 GC heap before
{Heap before GC invocations=6 (full 0):
 garbage-first heap   total 68608K, used 49968K [0x0000000080000000, 0x0000000100000000)
  region size 1024K, 31 young (31744K), 4 survivors (4096K)
 Metaspace       used 33254K, committed 33536K, reserved 1114112K
  class space    used 4568K, committed 4672K, reserved 1048576K
}
Event: 3.184 GC heap after
{Heap after GC invocations=7 (full 0):
 garbage-first heap   total 68608K, used 23596K [0x0000000080000000, 0x0000000100000000)
  region size 1024K, 3 young (3072K), 3 survivors (3072K)
 Metaspace       used 33254K, committed 33536K, reserved 1114112K
  class space    used 4568K, committed 4672K, reserved 1048576K
}
Event: 3.418 GC heap before
{Heap before GC invocations=7 (full 0):
 garbage-first heap   total 68608K, used 36908K [0x0000000080000000, 0x0000000100000000)
  region size 1024K, 17 young (17408K), 3 survivors (3072K)
 Metaspace       used 35634K, committed 35968K, reserved 1114112K
  class space    used 4946K, committed 5120K, reserved 1048576K
}
Event: 3.421 GC heap after
{Heap after GC invocations=8 (full 0):
 garbage-first heap   total 68608K, used 24831K [0x0000000080000000, 0x0000000100000000)
  region size 1024K, 3 young (3072K), 3 survivors (3072K)
 Metaspace       used 35634K, committed 35968K, reserved 1114112K
  class space    used 4946K, committed 5120K, reserved 1048576K
}
Event: 3.799 GC heap before
{Heap before GC invocations=9 (full 0):
 garbage-first heap   total 68608K, used 50431K [0x0000000080000000, 0x0000000100000000)
  region size 1024K, 29 young (29696K), 3 survivors (3072K)
 Metaspace       used 41087K, committed 41472K, reserved 1114112K
  class space    used 5471K, committed 5632K, reserved 1048576K
}
Event: 3.803 GC heap after
{Heap after GC invocations=10 (full 0):
 garbage-first heap   total 82944K, used 28212K [0x0000000080000000, 0x0000000100000000)
  region size 1024K, 4 young (4096K), 4 survivors (4096K)
 Metaspace       used 41087K, committed 41472K, reserved 1114112K
  class space    used 5471K, committed 5632K, reserved 1048576K
}
Event: 4.114 GC heap before
{Heap before GC invocations=10 (full 0):
 garbage-first heap   total 82944K, used 67124K [0x0000000080000000, 0x0000000100000000)
  region size 1024K, 38 young (38912K), 4 survivors (4096K)
 Metaspace       used 43982K, committed 44352K, reserved 1114112K
  class space    used 5800K, committed 5952K, reserved 1048576K
}
Event: 4.117 GC heap after
{Heap after GC invocations=11 (full 0):
 garbage-first heap   total 82944K, used 30707K [0x0000000080000000, 0x0000000100000000)
  region size 1024K, 3 young (3072K), 3 survivors (3072K)
 Metaspace       used 43982K, committed 44352K, reserved 1114112K
  class space    used 5800K, committed 5952K, reserved 1048576K
}
Event: 4.497 GC heap before
{Heap before GC invocations=11 (full 0):
 garbage-first heap   total 82944K, used 65523K [0x0000000080000000, 0x0000000100000000)
  region size 1024K, 35 young (35840K), 3 survivors (3072K)
 Metaspace       used 47358K, committed 47808K, reserved 1114112K
  class space    used 6275K, committed 6464K, reserved 1048576K
}
Event: 4.500 GC heap after
{Heap after GC invocations=12 (full 0):
 garbage-first heap   total 82944K, used 32533K [0x0000000080000000, 0x0000000100000000)
  region size 1024K, 5 young (5120K), 5 survivors (5120K)
 Metaspace       used 47358K, committed 47808K, reserved 1114112K
  class space    used 6275K, committed 6464K, reserved 1048576K
}

Dll operation events (3 events):
Event: 0.009 Loaded shared library D:\Android Studio\jbr\bin\java.dll
Event: 0.135 Loaded shared library D:\Android Studio\jbr\bin\zip.dll
Event: 0.426 Loaded shared library D:\Android Studio\jbr\bin\verify.dll

Deoptimization events (20 events):
Event: 4.650 Thread 0x00000273fe2b4c40 DEOPT PACKING pc=0x0000027387c26518 sp=0x000000bc02afb1c0
Event: 4.650 Thread 0x00000273fe2b4c40 DEOPT UNPACKING pc=0x00000273875869a3 sp=0x000000bc02afb158 mode 2
Event: 4.746 Thread 0x00000273fe2b4c40 Uncommon trap: trap_request=0xffffff45 fr.pc=0x0000027387c2cd30 relative=0x00000000000002f0
Event: 4.747 Thread 0x00000273fe2b4c40 Uncommon trap: reason=unstable_if action=reinterpret pc=0x0000027387c2cd30 method=org.gradle.internal.reflect.PropertyAccessorType.isGetGetterName(Ljava/lang/String;)Z @ 14 c2
Event: 4.747 Thread 0x00000273fe2b4c40 DEOPT PACKING pc=0x0000027387c2cd30 sp=0x000000bc02af8f90
Event: 4.747 Thread 0x00000273fe2b4c40 DEOPT UNPACKING pc=0x00000273875869a3 sp=0x000000bc02af8ee8 mode 2
Event: 4.762 Thread 0x00000273fe2b4c40 Uncommon trap: trap_request=0xffffff45 fr.pc=0x0000027387c15468 relative=0x00000000000000e8
Event: 4.762 Thread 0x00000273fe2b4c40 Uncommon trap: reason=unstable_if action=reinterpret pc=0x0000027387c15468 method=org.objectweb.asm.ByteVector.putShort(I)Lorg/objectweb/asm/ByteVector; @ 13 c2
Event: 4.762 Thread 0x00000273fe2b4c40 DEOPT PACKING pc=0x0000027387c15468 sp=0x000000bc02af8ba0
Event: 4.762 Thread 0x00000273fe2b4c40 DEOPT UNPACKING pc=0x00000273875869a3 sp=0x000000bc02af8b38 mode 2
Event: 4.814 Thread 0x00000273fe2b4c40 DEOPT PACKING pc=0x00000273803e61d4 sp=0x000000bc02af93a0
Event: 4.814 Thread 0x00000273fe2b4c40 DEOPT UNPACKING pc=0x0000027387587143 sp=0x000000bc02af88f8 mode 0
Event: 4.828 Thread 0x00000273fe2b4c40 Uncommon trap: trap_request=0xffffff45 fr.pc=0x0000027387b4ce64 relative=0x00000000000001c4
Event: 4.828 Thread 0x00000273fe2b4c40 Uncommon trap: reason=unstable_if action=reinterpret pc=0x0000027387b4ce64 method=java.net.URI$Parser.scan(IILjava/lang/String;)I @ 26 c2
Event: 4.828 Thread 0x00000273fe2b4c40 DEOPT PACKING pc=0x0000027387b4ce64 sp=0x000000bc02af9580
Event: 4.828 Thread 0x00000273fe2b4c40 DEOPT UNPACKING pc=0x00000273875869a3 sp=0x000000bc02af9510 mode 2
Event: 4.828 Thread 0x00000273fe2b4c40 Uncommon trap: trap_request=0xffffff45 fr.pc=0x0000027387ca4ca8 relative=0x00000000000000a8
Event: 4.828 Thread 0x00000273fe2b4c40 Uncommon trap: reason=unstable_if action=reinterpret pc=0x0000027387ca4ca8 method=java.net.URI.match(CJJ)Z @ 45 c2
Event: 4.828 Thread 0x00000273fe2b4c40 DEOPT PACKING pc=0x0000027387ca4ca8 sp=0x000000bc02af9230
Event: 4.828 Thread 0x00000273fe2b4c40 DEOPT UNPACKING pc=0x00000273875869a3 sp=0x000000bc02af91b8 mode 2

Classes unloaded (0 events):
No events

Classes redefined (0 events):
No events

Internal exceptions (20 events):
Event: 4.078 Thread 0x00000273fe2b4c40 Exception <a 'java/lang/NoSuchMethodError'{0x00000000834c0258}: 'java.lang.Object java.lang.invoke.DirectMethodHandle$Holder.invokeStatic(java.lang.Object, java.lang.Object, java.lang.Object, java.lang.Object, java.lang.Object, java.lang.Object, java.lang.Object, java.lang.Object, java.lang.Object, java.lang.Object, java.lang.Object, java.lang.Object, java.lang.Object, java.lang.Object, java.lang.Object, java.lang.Object, java.lang.Object, java.lang.Object, java.lang.Object, java.lang.Object, java.lang.Obj
Event: 4.080 Thread 0x00000273fe2b4c40 Exception <a 'java/lang/NoSuchMethodError'{0x00000000834ecd38}: 'java.lang.Object java.lang.invoke.DirectMethodHandle$Holder.invokeStatic(java.lang.Object, java.lang.Object, java.lang.Object, java.lang.Object, java.lang.Object, java.lang.Object, java.lang.Object, java.lang.Object, java.lang.Object, java.lang.Object, java.lang.Object, java.lang.Object, java.lang.Object, java.lang.Object, java.lang.Object, java.lang.Object, java.lang.Object, java.lang.Object, java.lang.Object, java.lang.Object, java.lang.Obj
Event: 4.081 Thread 0x00000273fe2b4c40 Exception <a 'java/lang/NoSuchMethodError'{0x000000008331b420}: 'java.lang.Object java.lang.invoke.DirectMethodHandle$Holder.invokeStatic(java.lang.Object, java.lang.Object, java.lang.Object, java.lang.Object, java.lang.Object, java.lang.Object, java.lang.Object, java.lang.Object, java.lang.Object, java.lang.Object, java.lang.Object, java.lang.Object, java.lang.Object, java.lang.Object, java.lang.Object, java.lang.Object, java.lang.Object, java.lang.Object, java.lang.Object, java.lang.Object, java.lang.Obj
Event: 4.083 Thread 0x00000273fe2b4c40 Exception <a 'java/lang/NoSuchMethodError'{0x000000008334acc0}: 'java.lang.Object java.lang.invoke.DirectMethodHandle$Holder.invokeStatic(java.lang.Object, java.lang.Object, java.lang.Object, java.lang.Object, java.lang.Object, java.lang.Object, java.lang.Object, java.lang.Object, java.lang.Object, java.lang.Object, java.lang.Object, java.lang.Object, java.lang.Object, java.lang.Object, java.lang.Object, java.lang.Object, java.lang.Object, java.lang.Object, java.lang.Object, java.lang.Object, java.lang.Obj
Event: 4.085 Thread 0x00000273fe2b4c40 Exception <a 'java/lang/NoSuchMethodError'{0x000000008337c078}: 'java.lang.Object java.lang.invoke.DirectMethodHandle$Holder.invokeStatic(java.lang.Object, java.lang.Object, java.lang.Object, java.lang.Object, java.lang.Object, java.lang.Object, java.lang.Object, java.lang.Object, java.lang.Object, java.lang.Object, java.lang.Object, java.lang.Object, java.lang.Object, java.lang.Object, java.lang.Object, java.lang.Object, java.lang.Object, java.lang.Object, java.lang.Object, java.lang.Object, java.lang.Obj
Event: 4.186 Thread 0x00000273fe2b4c40 Exception <a 'java/lang/IncompatibleClassChangeError'{0x0000000084630c78}: Found class java.lang.Object, but interface was expected> (0x0000000084630c78) 
thrown [s\src\hotspot\share\interpreter\linkResolver.cpp, line 838]
Event: 4.267 Thread 0x00000273fe2b4c40 Exception <a 'java/lang/IncompatibleClassChangeError'{0x000000008436e430}: Found class java.lang.Object, but interface was expected> (0x000000008436e430) 
thrown [s\src\hotspot\share\interpreter\linkResolver.cpp, line 838]
Event: 4.273 Thread 0x00000273fe2b4c40 Exception <a 'java/lang/NoSuchMethodError'{0x000000008421ba20}: 'void java.lang.invoke.DirectMethodHandle$Holder.invokeStatic(java.lang.Object, java.lang.Object, java.lang.Object, java.lang.Object, java.lang.Object, java.lang.Object)'> (0x000000008421ba20) 
thrown [s\src\hotspot\share\interpreter\linkResolver.cpp, line 771]
Event: 4.286 Thread 0x00000273fe2b4c40 Exception <a 'java/lang/NoSuchMethodError'{0x0000000084131d80}: 'int java.lang.invoke.DirectMethodHandle$Holder.invokeStaticInit(java.lang.Object, java.lang.Object, java.lang.Object, java.lang.Object, java.lang.Object)'> (0x0000000084131d80) 
thrown [s\src\hotspot\share\interpreter\linkResolver.cpp, line 771]
Event: 4.380 Thread 0x00000273fe2b4c40 Implicit null exception at 0x0000027387c81aec to 0x0000027387c81b90
Event: 4.454 Thread 0x00000273fe2b4c40 Exception <a 'java/lang/NoSuchMethodError'{0x0000000083495d60}: 'void java.lang.invoke.DirectMethodHandle$Holder.invokeInterface(java.lang.Object, java.lang.Object)'> (0x0000000083495d60) 
thrown [s\src\hotspot\share\interpreter\linkResolver.cpp, line 771]
Event: 4.454 Thread 0x00000273fe2b4c40 Exception <a 'java/lang/IncompatibleClassChangeError'{0x00000000834a0fd0}: Found class java.lang.Object, but interface was expected> (0x00000000834a0fd0) 
thrown [s\src\hotspot\share\interpreter\linkResolver.cpp, line 838]
Event: 4.476 Thread 0x00000273fe2b4c40 Exception <a 'java/lang/NoSuchMethodError'{0x000000008325d038}: 'java.lang.Object java.lang.invoke.DirectMethodHandle$Holder.newInvokeSpecial(java.lang.Object, int, java.lang.Object)'> (0x000000008325d038) 
thrown [s\src\hotspot\share\interpreter\linkResolver.cpp, line 771]
Event: 4.667 Thread 0x00000273fe29b230 Exception <a 'java/lang/NoSuchMethodError'{0x00000000845241e8}: static Lorg/gradle/internal/build/event/types/DefaultOperationStartedProgressEvent;.<clinit>()V> (0x00000000845241e8) 
thrown [s\src\hotspot\share\prims\jni.cpp, line 1108]
Event: 4.667 Thread 0x00000273fe29b230 Exception <a 'java/lang/NoSuchMethodError'{0x00000000845a6718}: static Lorg/gradle/internal/build/event/types/AbstractProgressEvent;.<clinit>()V> (0x00000000845a6718) 
thrown [s\src\hotspot\share\prims\jni.cpp, line 1108]
Event: 4.668 Thread 0x00000273fe29b230 Exception <a 'java/lang/NoSuchMethodError'{0x00000000845b90d0}: static Lorg/gradle/internal/build/event/types/DefaultProjectConfigurationDescriptor;.<clinit>()V> (0x00000000845b90d0) 
thrown [s\src\hotspot\share\prims\jni.cpp, line 1108]
Event: 4.668 Thread 0x00000273fe29b230 Exception <a 'java/lang/NoSuchMethodError'{0x00000000845bb418}: static Lorg/gradle/internal/build/event/types/DefaultOperationDescriptor;.<clinit>()V> (0x00000000845bb418) 
thrown [s\src\hotspot\share\prims\jni.cpp, line 1108]
Event: 4.671 Thread 0x00000273fe29b230 Exception <a 'java/lang/NoSuchMethodError'{0x00000000845d3dd8}: static Lorg/gradle/internal/operations/OperationIdentifier;.<clinit>()V> (0x00000000845d3dd8) 
thrown [s\src\hotspot\share\prims\jni.cpp, line 1108]
Event: 4.744 Thread 0x00000273fe2b4c40 Exception <a 'java/lang/NoSuchMethodError'{0x0000000083f9e360}: 'long java.lang.invoke.DirectMethodHandle$Holder.invokeStatic(java.lang.Object, long)'> (0x0000000083f9e360) 
thrown [s\src\hotspot\share\interpreter\linkResolver.cpp, line 771]
Event: 4.861 Thread 0x00000273fe2b4c40 Exception <a 'java/lang/NoSuchMethodError'{0x0000000083637eb0}: 'java.lang.Object java.lang.invoke.DelegatingMethodHandle$Holder.reinvoke_L(java.lang.Object, java.lang.Object, java.lang.Object, java.lang.Object, java.lang.Object, java.lang.Object, java.lang.Object, java.lang.Object, java.lang.Object, java.lang.Object, java.lang.Object, java.lang.Object, java.lang.Object, java.lang.Object, java.lang.Object, java.lang.Object, java.lang.Object, java.lang.Object, java.lang.Object, java.lang.Object, java.lang.O

VM Operations (20 events):
Event: 3.729 Executing VM operation: HandshakeAllThreads
Event: 3.729 Executing VM operation: HandshakeAllThreads done
Event: 3.778 Executing VM operation: HandshakeAllThreads
Event: 3.778 Executing VM operation: HandshakeAllThreads done
Event: 3.799 Executing VM operation: G1CollectForAllocation
Event: 3.803 Executing VM operation: G1CollectForAllocation done
Event: 4.074 Executing VM operation: ICBufferFull
Event: 4.075 Executing VM operation: ICBufferFull done
Event: 4.114 Executing VM operation: G1CollectForAllocation
Event: 4.117 Executing VM operation: G1CollectForAllocation done
Event: 4.188 Executing VM operation: HandshakeAllThreads
Event: 4.188 Executing VM operation: HandshakeAllThreads done
Event: 4.357 Executing VM operation: HandshakeAllThreads
Event: 4.357 Executing VM operation: HandshakeAllThreads done
Event: 4.497 Executing VM operation: G1CollectForAllocation
Event: 4.500 Executing VM operation: G1CollectForAllocation done
Event: 4.615 Executing VM operation: HandshakeAllThreads
Event: 4.615 Executing VM operation: HandshakeAllThreads done
Event: 4.652 Executing VM operation: HandshakeAllThreads
Event: 4.652 Executing VM operation: HandshakeAllThreads done

Events (20 events):
Event: 4.831 loading class javax/net/ssl/HostnameVerifier done
Event: 4.832 loading class javax/net/ssl/TrustManager
Event: 4.833 loading class javax/net/ssl/TrustManager done
Event: 4.833 loading class javax/net/ssl/X509TrustManager
Event: 4.833 loading class javax/net/ssl/X509TrustManager done
Event: 4.835 loading class javax/net/ssl/SSLPeerUnverifiedException
Event: 4.835 loading class javax/net/ssl/SSLException
Event: 4.835 loading class javax/net/ssl/SSLException done
Event: 4.835 loading class javax/net/ssl/SSLPeerUnverifiedException done
Event: 4.835 loading class javax/naming/NamingException
Event: 4.836 loading class javax/naming/NamingException done
Event: 4.836 loading class javax/naming/InvalidNameException
Event: 4.836 loading class javax/naming/InvalidNameException done
Event: 4.837 loading class java/security/cert/CertificateParsingException
Event: 4.837 loading class java/security/cert/CertificateException
Event: 4.837 loading class java/security/cert/CertificateException done
Event: 4.837 loading class java/security/cert/CertificateParsingException done
Event: 4.858 loading class java/util/Collections$SingletonMap
Event: 4.858 loading class java/util/Collections$SingletonMap done
Event: 4.860 Thread 0x00000273fea228c0 Thread added: 0x00000273fea228c0


Dynamic libraries:
0x00007ff6fc3f0000 - 0x00007ff6fc3fa000 	D:\Android Studio\jbr\bin\java.exe
0x00007ffcae210000 - 0x00007ffcae427000 	C:\Windows\SYSTEM32\ntdll.dll
0x00007ffcad2c0000 - 0x00007ffcad384000 	C:\Windows\System32\KERNEL32.DLL
0x00007ffcab9d0000 - 0x00007ffcabd76000 	C:\Windows\System32\KERNELBASE.dll
0x00007ffcab8b0000 - 0x00007ffcab9c1000 	C:\Windows\System32\ucrtbase.dll
0x00007ffc6aad0000 - 0x00007ffc6aae7000 	D:\Android Studio\jbr\bin\jli.dll
0x00007ffc68ca0000 - 0x00007ffc68cbb000 	D:\Android Studio\jbr\bin\VCRUNTIME140.dll
0x00007ffcadba0000 - 0x00007ffcadd4e000 	C:\Windows\System32\USER32.dll
0x00007ffcab770000 - 0x00007ffcab796000 	C:\Windows\System32\win32u.dll
0x00007ffc93320000 - 0x00007ffc935b3000 	C:\Windows\WinSxS\amd64_microsoft.windows.common-controls_6595b64144ccf1df_6.0.22621.2506_none_270c5ae97388e100\COMCTL32.dll
0x00007ffcabf60000 - 0x00007ffcabf89000 	C:\Windows\System32\GDI32.dll
0x00007ffcac640000 - 0x00007ffcac6e7000 	C:\Windows\System32\msvcrt.dll
0x00007ffcabe40000 - 0x00007ffcabf58000 	C:\Windows\System32\gdi32full.dll
0x00007ffcab7a0000 - 0x00007ffcab83a000 	C:\Windows\System32\msvcp_win.dll
0x00007ffcac3a0000 - 0x00007ffcac3d1000 	C:\Windows\System32\IMM32.DLL
0x00007ffc697c0000 - 0x00007ffc697cc000 	D:\Android Studio\jbr\bin\vcruntime140_1.dll
0x00007ffc49350000 - 0x00007ffc493dd000 	D:\Android Studio\jbr\bin\msvcp140.dll
0x00007ffc4edd0000 - 0x00007ffc4fa50000 	D:\Android Studio\jbr\bin\server\jvm.dll
0x00007ffcad5b0000 - 0x00007ffcad661000 	C:\Windows\System32\ADVAPI32.dll
0x00007ffcad110000 - 0x00007ffcad1b5000 	C:\Windows\System32\sechost.dll
0x00007ffcad690000 - 0x00007ffcad7a7000 	C:\Windows\System32\RPCRT4.dll
0x00007ffca3390000 - 0x00007ffca33c4000 	C:\Windows\SYSTEM32\WINMM.dll
0x00007ffc9c0c0000 - 0x00007ffc9c0c9000 	C:\Windows\SYSTEM32\WSOCK32.dll
0x00007ffca3040000 - 0x00007ffca304a000 	C:\Windows\SYSTEM32\VERSION.dll
0x00007ffcad3e0000 - 0x00007ffcad451000 	C:\Windows\System32\WS2_32.dll
0x00007ffcaa580000 - 0x00007ffcaa598000 	C:\Windows\SYSTEM32\kernel.appcore.dll
0x00007ffc824a0000 - 0x00007ffc824aa000 	D:\Android Studio\jbr\bin\jimage.dll
0x00007ffca8f80000 - 0x00007ffca91b3000 	C:\Windows\SYSTEM32\DBGHELP.DLL
0x00007ffcac010000 - 0x00007ffcac399000 	C:\Windows\System32\combase.dll
0x00007ffcad4d0000 - 0x00007ffcad5a7000 	C:\Windows\System32\OLEAUT32.dll
0x00007ffc87120000 - 0x00007ffc87152000 	C:\Windows\SYSTEM32\dbgcore.DLL
0x00007ffcab6f0000 - 0x00007ffcab76a000 	C:\Windows\System32\bcryptPrimitives.dll
0x00007ffc7fdd0000 - 0x00007ffc7fdde000 	D:\Android Studio\jbr\bin\instrument.dll
0x00007ffc783f0000 - 0x00007ffc78415000 	D:\Android Studio\jbr\bin\java.dll
0x00007ffc6be50000 - 0x00007ffc6be68000 	D:\Android Studio\jbr\bin\zip.dll
0x00007ffcac6f0000 - 0x00007ffcacf4a000 	C:\Windows\System32\SHELL32.dll
0x00007ffca94a0000 - 0x00007ffca9d96000 	C:\Windows\SYSTEM32\windows.storage.dll
0x00007ffca9360000 - 0x00007ffca949e000 	C:\Windows\SYSTEM32\wintypes.dll
0x00007ffcadaa0000 - 0x00007ffcadb93000 	C:\Windows\System32\SHCORE.dll
0x00007ffcac550000 - 0x00007ffcac5ae000 	C:\Windows\System32\shlwapi.dll
0x00007ffcab4b0000 - 0x00007ffcab4d6000 	C:\Windows\SYSTEM32\profapi.dll
0x00007ffc6be30000 - 0x00007ffc6be49000 	D:\Android Studio\jbr\bin\net.dll
0x00007ffca5590000 - 0x00007ffca56c7000 	C:\Windows\SYSTEM32\WINHTTP.dll
0x00007ffcaaa70000 - 0x00007ffcaaad9000 	C:\Windows\system32\mswsock.dll
0x00007ffc6be10000 - 0x00007ffc6be26000 	D:\Android Studio\jbr\bin\nio.dll
0x00007ffc82270000 - 0x00007ffc82280000 	D:\Android Studio\jbr\bin\verify.dll
0x00007ffc5c500000 - 0x00007ffc5c527000 	C:\Users\HONOR\.gradle\native\68d5fa5c4cc2d200863cafc0d521ce42e7d3e7ee720ec0a83991735586a16f82\windows-amd64\native-platform.dll
0x00007ffc49200000 - 0x00007ffc49344000 	C:\Users\HONOR\.gradle\native\e376f236ea51e6404a007f0833ffe2c6e607c4080706a723a18a27aeea778392\windows-amd64\native-platform-file-events.dll
0x00007ffc814e0000 - 0x00007ffc814e9000 	D:\Android Studio\jbr\bin\management.dll
0x00007ffc802d0000 - 0x00007ffc802db000 	D:\Android Studio\jbr\bin\management_ext.dll
0x00007ffcad460000 - 0x00007ffcad468000 	C:\Windows\System32\PSAPI.DLL
0x00007ffcaacc0000 - 0x00007ffcaacdb000 	C:\Windows\SYSTEM32\CRYPTSP.dll
0x00007ffcaa4e0000 - 0x00007ffcaa515000 	C:\Windows\system32\rsaenh.dll
0x00007ffcaab60000 - 0x00007ffcaab8c000 	C:\Windows\SYSTEM32\USERENV.dll
0x00007ffcaaf30000 - 0x00007ffcaaf58000 	C:\Windows\SYSTEM32\bcrypt.dll
0x00007ffcaace0000 - 0x00007ffcaacec000 	C:\Windows\SYSTEM32\CRYPTBASE.dll
0x00007ffcaa000000 - 0x00007ffcaa02d000 	C:\Windows\SYSTEM32\IPHLPAPI.DLL
0x00007ffcad680000 - 0x00007ffcad689000 	C:\Windows\System32\NSI.dll
0x00007ffca4f90000 - 0x00007ffca4fa9000 	C:\Windows\SYSTEM32\dhcpcsvc6.DLL
0x00007ffca4200000 - 0x00007ffca421f000 	C:\Windows\SYSTEM32\dhcpcsvc.DLL
0x00007ffcaa070000 - 0x00007ffcaa169000 	C:\Windows\SYSTEM32\DNSAPI.dll
0x00007ffc85ec0000 - 0x00007ffc85ec8000 	C:\Windows\system32\wshunix.dll

dbghelp: loaded successfully - version: 4.0.5 - missing functions: none
symbol engine: initialized successfully - sym options: 0x614 - pdb path: .;D:\Android Studio\jbr\bin;C:\Windows\SYSTEM32;C:\Windows\WinSxS\amd64_microsoft.windows.common-controls_6595b64144ccf1df_6.0.22621.2506_none_270c5ae97388e100;D:\Android Studio\jbr\bin\server;C:\Users\HONOR\.gradle\native\68d5fa5c4cc2d200863cafc0d521ce42e7d3e7ee720ec0a83991735586a16f82\windows-amd64;C:\Users\HONOR\.gradle\native\e376f236ea51e6404a007f0833ffe2c6e607c4080706a723a18a27aeea778392\windows-amd64

VM Arguments:
jvm_args: --add-opens=java.base/java.util=ALL-UNNAMED --add-opens=java.base/java.lang=ALL-UNNAMED --add-opens=java.base/java.lang.invoke=ALL-UNNAMED --add-opens=java.prefs/java.util.prefs=ALL-UNNAMED --add-opens=java.base/java.nio.charset=ALL-UNNAMED --add-opens=java.base/java.net=ALL-UNNAMED --add-opens=java.base/java.util.concurrent.atomic=ALL-UNNAMED -Xmx2048m -Dfile.encoding=UTF-8 -Duser.country=MY -Duser.language=en -Duser.variant -javaagent:C:\Users\HONOR\.gradle\wrapper\dists\gradle-8.2-bin\bbg7u40eoinfdyxsxr3z4i7ta\gradle-8.2\lib\agents\gradle-instrumentation-agent-8.2.jar 
java_command: org.gradle.launcher.daemon.bootstrap.GradleDaemon 8.2
java_class_path (initial): C:\Users\HONOR\.gradle\wrapper\dists\gradle-8.2-bin\bbg7u40eoinfdyxsxr3z4i7ta\gradle-8.2\lib\gradle-launcher-8.2.jar
Launcher Type: SUN_STANDARD

[Global flags]
     intx CICompilerCount                          = 4                                         {product} {ergonomic}
     uint ConcGCThreads                            = 3                                         {product} {ergonomic}
     uint G1ConcRefinementThreads                  = 10                                        {product} {ergonomic}
   size_t G1HeapRegionSize                         = 1048576                                   {product} {ergonomic}
    uintx GCDrainStackTargetSize                   = 64                                        {product} {ergonomic}
   size_t InitialHeapSize                          = 123731968                                 {product} {ergonomic}
   size_t MarkStackSize                            = 4194304                                   {product} {ergonomic}
   size_t MaxHeapSize                              = 2147483648                                {product} {command line}
   size_t MaxNewSize                               = 1287651328                                {product} {ergonomic}
   size_t MinHeapDeltaBytes                        = 1048576                                   {product} {ergonomic}
   size_t MinHeapSize                              = 8388608                                   {product} {ergonomic}
    uintx NonNMethodCodeHeapSize                   = 5839372                                {pd product} {ergonomic}
    uintx NonProfiledCodeHeapSize                  = 122909434                              {pd product} {ergonomic}
    uintx ProfiledCodeHeapSize                     = 122909434                              {pd product} {ergonomic}
    uintx ReservedCodeCacheSize                    = 251658240                              {pd product} {ergonomic}
     bool SegmentedCodeCache                       = true                                      {product} {ergonomic}
   size_t SoftMaxHeapSize                          = 2147483648                             {manageable} {ergonomic}
     bool UseCompressedClassPointers               = true                           {product lp64_product} {ergonomic}
     bool UseCompressedOops                        = true                           {product lp64_product} {ergonomic}
     bool UseG1GC                                  = true                                      {product} {ergonomic}
     bool UseLargePagesIndividualAllocation        = false                                  {pd product} {ergonomic}

Logging:
Log output configuration:
 #0: stdout all=warning uptime,level,tags
 #1: stderr all=off uptime,level,tags

Environment Variables:
PATH=C:\Program Files\Common Files\Oracle\Java\javapath;C:\Windows\system32;C:\Windows;C:\Windows\System32\Wbem;C:\Windows\System32\WindowsPowerShell\v1.0\;C:\Windows\System32\OpenSSH\;C:\Program Files\dotnet\;C:\Program Files (x86)\Gpg4win\..\GnuPG\bin;C:\Program Files\Git\cmd;D:\php-8.3.0;C:\Users\HONOR\AppData\Local\Programs\Python\Python38\Scripts\;C:\Users\HONOR\AppData\Local\Programs\Python\Python38\;C:\Users\HONOR\AppData\Local\Programs\Python\Launcher\;C:\Users\HONOR\AppData\Local\Microsoft\WindowsApps;C:\Users\HONOR\AppData\Local\Programs\Microsoft VS Code\bin;D:\FlutterDev\flutter\bin;C:\Users\HONOR\AppData\Local\GitHubDesktop\bin;
USERNAME=HONOR
OS=Windows_NT
PROCESSOR_IDENTIFIER=AMD64 Family 23 Model 104 Stepping 1, AuthenticAMD
TMP=C:\Users\HONOR\AppData\Local\Temp
TEMP=C:\Users\HONOR\AppData\Local\Temp


JNI global refs:
JNI global refs: 27, weak refs: 8

JNI global refs memory usage: 843, weak refs: 841

OOME stack traces (most recent first):
Classloader memory used:
Loader org.gradle.internal.classloader.VisitableURLClassLoader                         : 3217K
Loader bootstrap                                                                       : 2377K
Loader org.gradle.initialization.MixInLegacyTypesClassLoader                           : 670K
Loader jdk.internal.loader.ClassLoaders$PlatformClassLoader                            : 66117B
Loader jdk.internal.loader.ClassLoaders$AppClassLoader                                 : 28352B
Loader jdk.internal.reflect.DelegatingClassLoader                                      : 8588B
Loader org.gradle.internal.classloader.VisitableURLClassLoader$InstrumentingVisitableURLClassLoader: 2861B
Loader org.gradle.groovy.scripts.internal.DefaultScriptCompilationHandler$ScriptClassLoader: 1754B
Loader org.codehaus.groovy.runtime.callsite.CallSiteClassLoader                        : 356B

Classes loaded by more than one classloader:
Class org.gradle.internal.installation.GradleInstallation                             : loaded 2 times (x 73B)
Class org.gradle.internal.classpath.ClassPath                                         : loaded 2 times (x 68B)
Class org.gradle.api.internal.classpath.DefaultModuleRegistry                         : loaded 2 times (x 84B)
Class Settings_gradle$1$1                                                             : loaded 2 times (x 72B)
Class org.gradle.api.Action                                                           : loaded 2 times (x 68B)
Class org.gradle.api.internal.DefaultClassPathProvider                                : loaded 2 times (x 74B)
Class org.gradle.internal.installation.GradleInstallation$1                           : loaded 2 times (x 73B)
Class org.gradle.internal.classloader.FilteringClassLoader                            : loaded 2 times (x 102B)
Class org.gradle.internal.classpath.DefaultClassPath$ImmutableUniqueList$Builder      : loaded 2 times (x 73B)
Class org.gradle.internal.classloader.ClassLoaderVisitor                              : loaded 2 times (x 74B)
Class org.gradle.internal.service.DefaultServiceLocator                               : loaded 2 times (x 81B)
Class org.gradle.internal.service.UnknownServiceException                             : loaded 2 times (x 81B)
Class org.gradle.internal.classloader.DefaultClassLoaderFactory                       : loaded 2 times (x 80B)
Class org.gradle.internal.classloader.VisitableURLClassLoader$Spec                    : loaded 2 times (x 72B)
Class org.gradle.api.GradleException                                                  : loaded 2 times (x 80B)
Class org.gradle.api.internal.classpath.ModuleRegistry                                : loaded 2 times (x 68B)
Class org.gradle.api.internal.ClassPathProvider                                       : loaded 2 times (x 68B)
Class org.gradle.internal.classloader.ClasspathUtil$1                                 : loaded 2 times (x 74B)
Class org.gradle.internal.classloader.ClassLoaderFactory                              : loaded 2 times (x 68B)
Class org.gradle.api.internal.classpath.ManifestUtil                                  : loaded 2 times (x 69B)
Class org.gradle.api.specs.Spec                                                       : loaded 2 times (x 68B)
Class org.gradle.internal.IoActions                                                   : loaded 2 times (x 69B)
Class org.gradle.api.internal.classpath.EffectiveClassPath                            : loaded 2 times (x 88B)
Class org.gradle.internal.installation.CurrentGradleInstallation                      : loaded 2 times (x 71B)
Class org.gradle.internal.agents.InstrumentingClassLoader                             : loaded 2 times (x 68B)
Class org.gradle.internal.installation.CurrentGradleInstallationLocator               : loaded 2 times (x 69B)
Class org.gradle.api.internal.classpath.Module                                        : loaded 2 times (x 68B)
Class org.gradle.internal.service.CachingServiceLocator                               : loaded 2 times (x 80B)
Class org.gradle.internal.classpath.DefaultClassPath                                  : loaded 2 times (x 88B)
Class org.gradle.internal.classloader.SystemClassLoaderSpec                           : loaded 2 times (x 69B)
Class org.gradle.api.UncheckedIOException                                             : loaded 2 times (x 80B)
Class Program                                                                         : loaded 2 times (x 70B)
Class org.gradle.internal.classloader.ClasspathUtil                                   : loaded 2 times (x 69B)
Class org.gradle.api.internal.DefaultClassPathRegistry                                : loaded 2 times (x 74B)
Class org.gradle.api.internal.classpath.DefaultModuleRegistry$DefaultModule           : loaded 2 times (x 84B)
Class org.gradle.api.internal.classpath.UnknownModuleException                        : loaded 2 times (x 80B)
Class org.gradle.internal.service.ServiceLookupException                              : loaded 2 times (x 80B)
Class org.gradle.cache.GlobalCache                                                    : loaded 2 times (x 68B)
Class [Lorg.gradle.api.internal.ClassPathProvider;                                    : loaded 2 times (x 67B)
Class org.gradle.util.internal.GUtil                                                  : loaded 2 times (x 69B)
Class org.gradle.internal.classloader.ClassLoaderSpec                                 : loaded 2 times (x 69B)
Class org.gradle.internal.classloader.VisitableURLClassLoader                         : loaded 2 times (x 114B)
Class org.gradle.internal.Cast                                                        : loaded 2 times (x 69B)
Class org.gradle.api.internal.ClassPathRegistry                                       : loaded 2 times (x 68B)
Class org.gradle.internal.classloader.VisitableURLClassLoader$InstrumentingVisitableURLClassLoader: loaded 2 times (x 120B)
Class org.gradle.internal.classloader.ClassLoaderHierarchy                            : loaded 2 times (x 68B)
Class org.gradle.internal.InternalTransformer                                         : loaded 2 times (x 68B)
Class org.gradle.internal.service.ServiceLocator                                      : loaded 2 times (x 68B)
Class Settings_gradle$1                                                               : loaded 2 times (x 72B)
Class org.gradle.internal.classpath.DefaultClassPath$ImmutableUniqueList              : loaded 2 times (x 159B)
Class org.gradle.internal.classpath.TransformedClassPath                              : loaded 2 times (x 94B)
Class Settings_gradle                                                                 : loaded 2 times (x 126B)


---------------  S Y S T E M  ---------------

OS:
 Windows 11 , 64 bit Build 22621 (10.0.22621.2506)
OS uptime: 0 days 12:30 hours

CPU: total 12 (initial active 12) (12 cores per cpu, 2 threads per core) family 23 model 104 stepping 1 microcode 0x0, cx8, cmov, fxsr, ht, mmx, 3dnowpref, sse, sse2, sse3, ssse3, sse4a, sse4.1, sse4.2, popcnt, lzcnt, tsc, tscinvbit, avx, avx2, aes, clmul, bmi1, bmi2, adx, sha, fma, vzeroupper, clflush, clflushopt

Memory: 4k page, system-wide physical 7514M (248M free)
TotalPageFile size 14505M (AvailPageFile size 7M)
current process WorkingSet (physical memory assigned to process): 237M, peak: 239M
current process commit charge ("private bytes"): 277M, peak: 279M

vm_info: OpenJDK 64-Bit Server VM (17.0.7+0-b2043.56-10550314) for windows-amd64 JRE (17.0.7+0-b2043.56-10550314), built on Jul 24 2023 18:27:45 by "androidbuild" with MS VC++ 16.10 / 16.11 (VS2019)

END.
